2015-08-27 03:44:27 [Method] : Connect
2015-08-27 03:44:27 [Exception] : CommunicationException
2015-08-27 03:45:06 [Method] : Connect
2015-08-27 03:45:06 [Exception] : CommunicationException
2015-08-27 03:46:25 [Method] : Connect
2015-08-27 03:46:25 [Exception] : CommunicationException
2015-08-27 03:48:04 [Method] : Connect
2015-08-27 03:48:04 [Exception] : CommunicationException
2015-08-27 03:53:08 [Method] : Connect
2015-08-27 03:53:08 [Exception] : CommunicationException
2015-08-27 03:53:16 [Method] : StopLiveView
2015-08-27 03:53:16 [Method] : Disconnect
2015-08-27 04:44:42 [Method] : Connect
2015-08-27 04:44:42 [Exception] : CommunicationException
2015-08-27 04:44:48 [Method] : StopLiveView
2015-08-27 04:44:48 [Method] : Disconnect
2015-08-27 04:45:15 [Method] : Connect
2015-08-27 04:45:15 [Exception] : CommunicationException
2015-08-27 04:45:17 [Method] : StopLiveView
2015-08-27 04:45:17 [Method] : Disconnect
2015-08-27 04:46:31 [Method] : StopLiveView
2015-08-27 04:46:31 [Method] : Disconnect
2015-08-27 04:47:15 [Method] : Connect
2015-08-27 04:47:15 [Exception] : CommunicationException
2015-08-27 04:47:16 [Method] : StopLiveView
2015-08-27 04:47:16 [Method] : Disconnect
2015-08-27 04:47:22 [Method] : Connect
2015-08-27 04:47:22 [Exception] : CommunicationException
2015-08-27 04:47:25 [Method] : StopLiveView
2015-08-27 04:47:25 [Method] : Disconnect
2015-08-27 04:47:30 [Method] : StopLiveView
2015-08-27 04:47:30 [Method] : Disconnect
2015-08-27 04:47:31 [Method] : StopLiveView
2015-08-27 04:47:31 [Method] : Disconnect
2015-08-27 04:50:08 [Method] : Connect
2015-08-27 04:50:08 [Exception] : CommunicationException
2015-08-27 04:50:44 [Method] : StopLiveView
2015-08-27 04:50:44 [Method] : Disconnect
2015-09-01 17:27:45 [Method] : StopLiveView
2015-09-01 17:27:45 [Method] : Disconnect
2015-09-09 08:15:59 [Method] : Connect
2015-09-09 08:16:01 [Exception] : CommunicationException
2015-09-09 08:16:12 [Method] : StopLiveView
2015-09-09 08:16:12 [Method] : Disconnect
2015-09-09 08:47:38 [Method] : Connect
2015-09-09 08:47:38 [Exception] : CommunicationException
2015-09-09 08:48:33 [Method] : Connect
2015-09-09 08:48:33 [Exception] : CommunicationException
2015-09-09 08:48:34 [Method] : StopLiveView
2015-09-09 08:48:34 [Method] : Disconnect
2015-09-09 08:52:30 [Method] : StopLiveView
2015-09-09 08:52:30 [Method] : Disconnect
2015-09-09 08:52:48 [Method] : StopLiveView
2015-09-09 08:52:48 [Method] : Disconnect
2015-09-09 08:52:49 [Method] : StopLiveView
2015-09-09 08:52:49 [Method] : Disconnect
2015-09-09 08:56:04 [Method] : Connect
2015-09-09 08:56:04 [Exception] : CommunicationException
2015-09-09 08:56:08 [Method] : StopLiveView
2015-09-09 08:56:08 [Method] : Disconnect
2015-09-09 08:56:43 [Method] : Connect
2015-09-09 08:56:43 [Exception] : CommunicationException
2015-09-09 08:56:53 [Method] : StopLiveView
2015-09-09 08:56:53 [Method] : Disconnect
2015-09-09 09:01:41 [Method] : Connect
2015-09-09 09:01:41 [Exception] : CommunicationException
2015-09-09 09:03:20 [Method] : Connect
2015-09-09 09:03:20 [Exception] : CommunicationException
2015-09-09 09:03:25 [Method] : StopLiveView
2015-09-09 09:03:25 [Method] : Disconnect
2015-09-09 09:03:51 [Method] : Connect
2015-09-09 09:03:51 [Exception] : CommunicationException
2015-09-09 09:03:54 [Method] : StopLiveView
2015-09-09 09:03:54 [Method] : Disconnect
2015-09-09 09:08:03 [Method] : Connect
2015-09-09 09:08:03 [Exception] : CommunicationException
2015-09-09 09:08:28 [Method] : StopLiveView
2015-09-09 09:08:28 [Method] : Disconnect
2015-09-09 12:10:22 [Method] : Connect
2015-09-09 12:10:22 [Exception] : CommunicationException
2015-09-09 12:11:14 [Method] : Connect
2015-09-09 12:11:14 [Exception] : CommunicationException
2015-09-09 12:11:20 [Method] : StopLiveView
2015-09-09 12:11:20 [Method] : Disconnect
2015-09-09 12:12:09 [Method] : Connect
2015-09-09 12:12:09 [Exception] : CommunicationException
2015-09-09 12:12:48 [Method] : Connect
2015-09-09 12:12:48 [Exception] : CommunicationException
2015-09-09 12:12:51 [Method] : StopLiveView
2015-09-09 12:12:51 [Method] : Disconnect
2015-09-09 12:12:52 [Method] : StopLiveView
2015-09-09 12:12:52 [Method] : Disconnect
2015-09-09 12:14:04 [Method] : Connect
2015-09-09 12:14:04 [Exception] : CommunicationException
2015-09-09 12:14:13 [Method] : StopLiveView
2015-09-09 12:14:13 [Method] : Disconnect
2015-09-09 12:15:28 [Method] : Connect
2015-09-09 12:15:28 [Exception] : CommunicationException
2015-09-09 12:15:37 [Method] : StopLiveView
2015-09-09 12:15:37 [Method] : Disconnect
2015-09-09 12:21:41 [Method] : Connect
2015-09-09 12:21:42 [Exception] : CommunicationException
2015-09-09 12:29:49 [Method] : Connect
2015-09-09 12:29:49 [Exception] : CommunicationException
2015-09-09 12:30:18 [Method] : StopLiveView
2015-09-09 12:30:18 [Method] : Disconnect
2015-09-09 12:31:17 [Method] : Connect
2015-09-09 12:31:17 [Exception] : CommunicationException
2015-09-09 12:31:20 [Method] : StopLiveView
2015-09-09 12:31:20 [Method] : Disconnect
2015-09-09 12:32:13 [Method] : Connect
2015-09-09 12:32:13 [Exception] : CommunicationException
2015-09-09 12:33:08 [Method] : Connect
2015-09-09 12:33:08 [Exception] : CommunicationException
2015-09-09 12:34:13 [Method] : Connect
2015-09-09 12:34:13 [Exception] : CommunicationException
2015-09-09 12:38:25 [Method] : Connect
2015-09-09 12:38:25 [Exception] : CommunicationException
2015/09/09 15:22:15 [Method] : Connect
2015/09/09 15:22:16 [Exception] : CommunicationException
2015/09/09 15:22:55 [Method] : StopLiveView
2015/09/09 15:22:55 [Method] : Disconnect
2015/09/09 15:23:05 [Method] : Connect
2015/09/09 15:23:06 [Exception] : CommunicationException
2015/09/09 15:59:59 [Method] : Connect
2015/09/09 16:00:01 [Exception] : CommunicationException
2015/09/09 16:03:46 [Method] : StopLiveView
2015/09/09 16:03:46 [Method] : Disconnect
2015/09/09 16:04:51 [Method] : Connect
2015/09/09 16:04:52 [Exception] : CommunicationException
2015/09/09 16:05:23 [Method] : StopLiveView
2015/09/09 16:05:23 [Method] : Disconnect
2015/09/09 16:56:58 [Method] : Connect
2015/09/09 16:57:00 [Exception] : CommunicationException
2015/09/09 16:58:49 [Method] : Connect
2015/09/09 16:58:50 [Exception] : CommunicationException
2015/09/09 16:58:52 [Method] : StopLiveView
2015/09/09 16:58:52 [Method] : Disconnect
2015/09/09 17:08:59 [Method] : Connect
2015/09/09 17:09:00 [Exception] : CommunicationException
2015/09/09 17:09:01 [Method] : StopLiveView
2015/09/09 17:09:01 [Method] : Disconnect
2015/09/09 17:09:05 [Method] : Connect
2015/09/09 17:09:06 [Exception] : CommunicationException
2015/09/09 17:09:10 [Method] : StopLiveView
2015/09/09 17:09:10 [Method] : Disconnect
2015/09/09 17:09:10 [Method] : StopLiveView
2015/09/09 17:09:10 [Method] : Disconnect
2015/09/09 17:09:10 [Method] : StopLiveView
2015/09/09 17:09:10 [Method] : Disconnect
2015/09/09 17:30:21 [Method] : StopLiveView
2015/09/09 17:30:21 [Method] : Disconnect
2015/09/09 17:30:24 [Method] : Connect
2015/09/09 17:30:25 [Exception] : CommunicationException
2015/09/09 17:30:26 [Method] : StopLiveView
2015/09/09 17:30:26 [Method] : Disconnect
2015/09/09 17:31:36 [Method] : Connect
2015/09/09 17:31:37 [Exception] : CommunicationException
2015/09/09 17:32:20 [Method] : Connect
2015/09/09 17:32:21 [Exception] : CommunicationException
2015/09/09 17:32:25 [Method] : Connect
2015/09/09 17:32:26 [Exception] : CommunicationException
2015/09/09 17:32:34 [Method] : Connect
2015/09/09 17:32:35 [Exception] : CommunicationException
2015/09/09 17:33:20 [Method] : Connect
2015/09/09 17:33:21 [Exception] : CommunicationException
2015/09/09 17:33:27 [Method] : Connect
2015/09/09 17:33:28 [Exception] : CommunicationException
2015/09/09 17:33:29 [Method] : StopLiveView
2015/09/09 17:33:29 [Method] : Disconnect
2015/09/09 17:38:27 [Method] : Connect
2015/09/09 17:38:28 [Exception] : CommunicationException
2015/09/09 17:38:29 [Method] : StopLiveView
2015/09/09 17:38:29 [Method] : Disconnect
2015/09/09 17:38:30 [Method] : StopLiveView
2015/09/09 17:38:30 [Method] : Disconnect
2015/09/09 17:43:32 [Method] : StopLiveView
2015/09/09 17:43:32 [Method] : Disconnect
2015/09/09 17:43:37 [Method] : StopLiveView
2015/09/09 17:43:37 [Method] : Disconnect
2015/09/09 17:49:53 [Method] : StopLiveView
2015/09/09 17:49:53 [Method] : Disconnect
2015/09/09 17:49:56 [Method] : StopLiveView
2015/09/09 17:49:56 [Method] : Disconnect
2015/09/09 17:59:11 [Method] : Connect
2015/09/09 17:59:12 [Exception] : CommunicationException
2015/09/09 17:59:13 [Method] : StopLiveView
2015/09/09 17:59:13 [Method] : Disconnect
2015/09/09 17:59:15 [Method] : StopLiveView
2015/09/09 17:59:15 [Method] : Disconnect
2015/09/09 17:59:15 [Method] : StopLiveView
2015/09/09 17:59:15 [Method] : Disconnect
2015/09/09 17:59:24 [Method] : StopLiveView
2015/09/09 17:59:24 [Method] : Disconnect
2015/09/09 18:01:15 [Method] : Connect
2015/09/09 18:01:17 [Exception] : CommunicationException
2015/09/09 18:01:22 [Method] : StopLiveView
2015/09/09 18:01:22 [Method] : Disconnect
2015/09/09 18:01:27 [Method] : StopLiveView
2015/09/09 18:01:27 [Method] : Disconnect
2015/09/09 18:09:06 [Method] : Connect
2015/09/09 18:09:07 [Exception] : CommunicationException
2015/09/09 18:09:20 [Method] : Connect
2015/09/09 18:09:21 [Exception] : CommunicationException
2015/09/09 18:09:28 [Method] : StopLiveView
2015/09/09 18:09:28 [Method] : Disconnect
2015/09/09 18:09:29 [Method] : StopLiveView
2015/09/09 18:09:29 [Method] : Disconnect
2015/09/09 18:10:06 [Method] : Connect
2015/09/09 18:10:07 [Exception] : CommunicationException
2015/09/09 18:10:09 [Method] : StopLiveView
2015/09/09 18:10:09 [Method] : Disconnect
2015/09/09 18:11:26 [Method] : Connect
2015/09/09 18:11:27 [Exception] : CommunicationException
2015/09/09 18:11:35 [Method] : StopLiveView
2015/09/09 18:11:35 [Method] : Disconnect
2015/09/09 18:11:46 [Method] : StopLiveView
2015/09/09 18:11:46 [Method] : Disconnect
2015/09/09 18:11:58 [Method] : StopLiveView
2015/09/09 18:11:58 [Method] : Disconnect
2015/09/09 18:12:35 [Method] : Connect
2015/09/09 18:12:36 [Exception] : CommunicationException
2015/09/09 18:12:40 [Method] : Connect
2015/09/09 18:12:41 [Exception] : CommunicationException
2015/09/09 18:12:42 [Method] : Connect
2015/09/09 18:12:43 [Exception] : CommunicationException
2015/09/09 18:12:45 [Method] : StopLiveView
2015/09/09 18:12:45 [Method] : Disconnect
2015/09/09 18:12:50 [Method] : StopLiveView
2015/09/09 18:12:50 [Method] : Disconnect
2015/09/09 18:13:13 [Method] : Connect
2015/09/09 18:13:14 [Exception] : CommunicationException
2015/09/09 18:13:16 [Method] : Connect
2015/09/09 18:13:17 [Exception] : CommunicationException
2015/09/09 18:13:19 [Method] : Connect
2015/09/09 18:13:20 [Exception] : CommunicationException
2015/09/09 18:13:21 [Method] : StopLiveView
2015/09/09 18:13:21 [Method] : Disconnect
2015/09/09 18:14:56 [Method] : Connect
2015/09/09 18:14:57 [Exception] : CommunicationException
2015/09/09 18:15:00 [Method] : Connect
2015/09/09 18:15:01 [Exception] : CommunicationException
2015/09/09 18:15:04 [Method] : StopLiveView
2015/09/09 18:15:04 [Method] : Disconnect
2015/09/09 18:15:05 [Method] : StopLiveView
2015/09/09 18:15:05 [Method] : Disconnect
2015/09/09 18:15:06 [Method] : Connect
2015/09/09 18:15:07 [Exception] : CommunicationException
2015/09/09 18:15:11 [Method] : StopLiveView
2015/09/09 18:15:11 [Method] : Disconnect
2015/09/09 18:29:13 [Method] : StopLiveView
2015/09/09 18:29:13 [Method] : Disconnect
2015/09/09 18:31:46 [Method] : Connect
2015/09/09 18:31:47 [Exception] : CommunicationException
2015/09/09 18:31:52 [Method] : Connect
2015/09/09 18:31:53 [Exception] : CommunicationException
2015/09/09 18:32:02 [Method] : Connect
2015/09/09 18:32:03 [Exception] : CommunicationException
2015/09/09 18:32:04 [Method] : Connect
2015/09/09 18:32:05 [Exception] : CommunicationException
2015/09/09 11:51:39 [Method] : Connect
2015/09/09 11:51:39 [Exception] : InvalidPropertyException
2015/09/09 11:59:04 [Method] : Connect
2015/09/09 11:59:04 [Method] : StartLiveView
2015/09/09 12:00:04 [Event] : DataReceived
2015/09/09 12:00:04 [Message] :   RSV[WCZTT0B1R7A62X<0D>]
2015/09/09 12:01:12 [Method] : Connect
2015/09/09 12:01:12 [Method] : StartLiveView
2015/09/09 12:01:22 [Event] : DataReceived
2015/09/09 12:01:22 [Message] :   RSV[WCZTT0B1R7A62X<0D>]
2015/09/09 12:05:49 [Method] : Connect
2015/09/09 12:05:50 [Method] : StartLiveView
2015/09/09 12:06:01 [Event] : DataReceived
2015/09/09 12:06:01 [Message] :   RSV[WCZTT0B1R7A62X<0D>]
2015/09/09 12:13:45 [Method] : Connect
2015/09/09 12:13:45 [Method] : StartLiveView
2015/09/09 12:14:10 [Method] : StopLiveView
2015/09/09 12:14:11 [Method] : Disconnect
2015/09/09 13:11:19 [Method] : Connect
2015/09/09 13:11:19 [Method] : StartLiveView
2015/09/09 13:11:35 [Event] : DataReceived
2015/09/09 13:11:35 [Message] :   RSV[WCZTT0B1R7A62X<0D>]
2015/09/09 13:21:35 [Method] : Connect
2015/09/09 13:21:35 [Method] : StartLiveView
2015/09/09 13:21:50 [Event] : DataReceived
2015/09/09 13:21:50 [Message] :   RSV[WCZTT0B1R7A62X<0D>]
2015/09/09 13:22:13 [Method] : StopLiveView
2015/09/09 13:22:13 [Method] : Disconnect
2015/09/09 13:34:39 [Method] : Connect
2015/09/09 13:34:39 [Method] : StartLiveView
2015/09/09 13:35:06 [Event] : DataReceived
2015/09/09 13:35:06 [Message] :   RSV[WCZTT0B1R7A62X<0D>]
2015/09/09 13:39:23 [Event] : DataReceived
2015/09/09 13:39:23 [Message] :   RSV[ERROR<0D>]
2015/09/09 13:40:16 [Event] : DataReceived
2015/09/09 13:40:16 [Message] :   RSV[WCZTT0B1R7A62X<0D>]
2015/09/09 13:43:25 [Event] : DataReceived
2015/09/09 13:43:25 [Message] :   RSV[WCZTT0B1R7A62X<0D>]
2015/09/09 13:44:26 [Event] : DataReceived
2015/09/09 13:44:26 [Message] :   RSV[ERROR<0D>]
2015/09/09 13:47:56 [Method] : StopLiveView
2015/09/09 13:47:56 [Method] : Disconnect
2015/09/09 14:07:50 [Method] : Connect
2015/09/09 14:07:50 [Method] : StartLiveView
2015/09/09 14:08:02 [Event] : DataReceived
2015/09/09 14:08:02 [Message] :   RSV[WCZTT0B1R7A62X<0D>]
2015/09/09 14:08:11 [Method] : StopLiveView
2015/09/09 14:08:11 [Method] : Disconnect
2015/09/11 00:30:51 [Method] : Connect
2015/09/11 00:30:53 [Exception] : CommunicationException
2015/09/11 00:59:57 [Method] : Connect
2015/09/11 00:59:58 [Exception] : CommunicationException
2015/09/11 01:05:20 [Method] : Connect
2015/09/11 01:05:21 [Exception] : CommunicationException
2015/09/11 01:06:58 [Method] : Connect
2015/09/11 01:06:59 [Exception] : CommunicationException
2015/09/11 01:22:25 [Method] : Connect
2015/09/11 01:22:27 [Exception] : CommunicationException
2015/09/11 01:25:46 [Method] : Connect
2015/09/11 01:25:47 [Exception] : CommunicationException
2015/09/11 01:25:53 [Method] : Connect
2015/09/11 01:25:54 [Exception] : CommunicationException
2015/09/11 01:34:25 [Method] : Connect
2015/09/11 01:34:26 [Exception] : CommunicationException
2015/09/11 01:35:13 [Method] : Connect
2015/09/11 01:35:15 [Exception] : CommunicationException
2015/09/11 01:36:36 [Method] : StopLiveView
2015/09/11 01:36:36 [Method] : Disconnect
2015/09/11 01:36:41 [Method] : StopLiveView
2015/09/11 01:36:41 [Method] : Disconnect
2015/09/11 01:37:09 [Method] : StopLiveView
2015/09/11 01:37:09 [Method] : Disconnect
2015/09/11 01:37:22 [Method] : Connect
2015/09/11 01:37:23 [Exception] : CommunicationException
2015/09/11 01:38:43 [Method] : Connect
2015/09/11 01:38:44 [Exception] : CommunicationException
2015/09/11 01:39:01 [Method] : Connect
2015/09/11 01:39:02 [Exception] : CommunicationException
2015/09/11 01:39:12 [Method] : Connect
2015/09/11 01:39:13 [Exception] : CommunicationException
2015/09/11 01:50:04 [Method] : Connect
2015/09/11 01:50:05 [Exception] : CommunicationException
2015/09/11 01:50:58 [Method] : Connect
2015/09/11 01:50:59 [Exception] : CommunicationException
2015/09/11 01:53:26 [Method] : Connect
2015/09/11 01:53:27 [Exception] : CommunicationException
2015/09/11 02:12:50 [Method] : Connect
2015/09/11 02:12:51 [Exception] : CommunicationException
2015/09/11 02:14:45 [Method] : Connect
2015/09/11 02:14:46 [Exception] : CommunicationException
2015/09/11 05:37:39 [Method] : Connect
2015/09/11 05:37:40 [Exception] : CommunicationException
2015/09/11 06:48:01 [Method] : Connect
2015/09/11 06:48:03 [Exception] : CommunicationException
2015/09/11 06:50:32 [Method] : Connect
2015/09/11 06:50:33 [Exception] : CommunicationException
2015/09/11 08:53:05 [Method] : Connect
2015/09/11 08:53:06 [Exception] : CommunicationException
2015/09/11 08:53:52 [Method] : Connect
2015/09/11 08:53:53 [Exception] : CommunicationException
2015/09/11 08:53:57 [Method] : Connect
2015/09/11 08:53:58 [Exception] : CommunicationException
2015/09/11 08:54:04 [Method] : Connect
2015/09/11 08:54:05 [Exception] : CommunicationException
2015/09/11 08:55:04 [Method] : Connect
2015/09/11 08:55:05 [Exception] : CommunicationException
2015/09/11 08:55:51 [Method] : Connect
2015/09/11 08:55:51 [Method] : StartLiveView
2015/09/11 08:56:09 [Event] : DataReceived
2015/09/11 08:56:09 [Message] :   RSV[WCZTT0B1R7A62X<0D>]
2015/09/11 08:56:09 [Method] : LSIMG
2015/09/11 08:56:09 [Message] :   CMD[LSIMG<0D>]
2015/09/11 08:56:09 [Message] :   RES[OK,LSIMG,A:\IMAGE\000_S_01.JPG<0D>]
2015/09/11 09:26:37 [Method] : Connect
2015/09/11 09:26:38 [Exception] : CommunicationException
2015/09/11 09:26:38 [Method] : Connect
2015/09/11 09:26:39 [Exception] : CommunicationException
2015/09/11 09:27:09 [Method] : Connect
2015/09/11 09:27:09 [Method] : StartLiveView
2015/09/11 09:27:20 [Event] : DataReceived
2015/09/11 09:27:20 [Message] :   RSV[WCZTT0B1R7A62X<0D>]
2015/09/11 09:27:20 [Method] : LSIMG
2015/09/11 09:27:20 [Message] :   CMD[LSIMG<0D>]
2015/09/11 09:27:20 [Message] :   RES[OK,LSIMG,A:\IMAGE\001_S_01.JPG<0D>]
2015/09/11 09:40:43 [Method] : Connect
2015/09/11 09:40:43 [Method] : StartLiveView
2015/09/11 09:41:08 [Event] : DataReceived
2015/09/11 09:41:08 [Message] :   RSV[WCZTT0B1R7A62X<0D>]
2015/09/11 09:41:08 [Method] : LSIMG
2015/09/11 09:41:08 [Message] :   CMD[LSIMG<0D>]
2015/09/11 09:41:08 [Message] :   RES[OK,LSIMG,A:\IMAGE\002_S_01.JPG<0D>]
2015/09/11 09:41:08 [Method] : GetFile
2015/09/11 09:46:56 [Method] : StopLiveView
2015/09/11 09:46:56 [Method] : Disconnect
2015/09/11 11:39:51 [Method] : Connect
2015/09/11 11:39:51 [Method] : StartLiveView
2015/09/11 11:39:51 [Method] : LON
2015/09/11 11:39:51 [Message] :   CMD[LON<0D>]
2015/09/11 11:39:52 [Exception] : CommunicationException
2015/09/11 11:45:42 [Method] : Connect
2015/09/11 11:46:07 [Method] : StartLiveView
2015/09/11 11:47:01 [Event] : DataReceived
2015/09/11 11:47:01 [Message] :   RSV[WCZTT0B1R7A62X<0D>]
2015/09/11 11:49:21 [Method] : LSIMG
2015/09/11 11:49:21 [Message] :   CMD[LSIMG<0D>]
2015/09/11 11:49:21 [Message] :   RES[OK,LSIMG,A:\IMAGE\006_S_01.JPG<0D>]
2015/09/11 11:52:09 [Method] : StopLiveView
2015/09/11 11:52:09 [Method] : Disconnect
2015/09/11 11:52:39 [Method] : Connect
2015/09/11 11:52:39 [Method] : StartLiveView
2015/09/11 11:52:54 [Event] : DataReceived
2015/09/11 11:52:54 [Message] :   RSV[WCZTT0B1R7A62X<0D>]
2015/09/11 11:54:32 [Method] : LSIMG
2015/09/11 11:54:32 [Message] :   CMD[LSIMG<0D>]
2015/09/11 11:54:32 [Message] :   RES[OK,LSIMG,A:\IMAGE\007_S_01.JPG<0D>]
2015/09/11 12:04:28 [Method] : Connect
2015/09/11 12:04:28 [Method] : StartLiveView
2015/09/11 12:04:41 [Event] : DataReceived
2015/09/11 12:04:41 [Message] :   RSV[WCZTT0B1R7A62X<0D>]
2015/09/11 12:05:37 [Method] : LSIMG
2015/09/11 12:05:37 [Message] :   CMD[LSIMG<0D>]
2015/09/11 12:05:37 [Message] :   RES[OK,LSIMG,A:\IMAGE\008_S_01.JPG<0D>]
2015/09/11 12:08:38 [Method] : StopLiveView
2015/09/11 12:08:38 [Method] : Disconnect
2015/09/11 12:08:41 [Method] : Connect
2015/09/11 12:08:41 [Method] : StartLiveView
2015/09/11 12:09:29 [Method] : Connect
2015/09/11 12:09:29 [Method] : StartLiveView
2015/09/11 12:09:34 [Event] : DataReceived
2015/09/11 12:09:34 [Message] :   RSV[WCZTT0B1R7A62X<0D>]
2015/09/11 12:15:20 [Method] : Connect
2015/09/11 12:15:20 [Method] : StartLiveView
2015/09/11 12:15:35 [Event] : DataReceived
2015/09/11 12:15:35 [Message] :   RSV[WCZTT0B1R7A62X<0D>]
2015/09/11 12:17:03 [Method] : LSIMG
2015/09/11 12:17:03 [Message] :   CMD[LSIMG<0D>]
2015/09/11 12:17:03 [Message] :   RES[OK,LSIMG,A:\IMAGE\010_S_01.JPG<0D>]
2015/09/11 12:24:49 [Method] : Connect
2015/09/11 12:24:49 [Method] : StartLiveView
2015/09/11 12:25:01 [Event] : DataReceived
2015/09/11 12:25:01 [Message] :   RSV[WCZTT0B1R7A62X<0D>]
2015/09/11 12:26:21 [Method] : LSIMG
2015/09/11 12:26:21 [Message] :   CMD[LSIMG<0D>]
2015/09/11 12:26:21 [Message] :   RES[OK,LSIMG,A:\IMAGE\011_S_01.JPG<0D>]
2015/09/11 12:32:38 [Method] : Connect
2015/09/11 12:32:38 [Method] : StartLiveView
2015/09/11 12:32:46 [Event] : DataReceived
2015/09/11 12:32:46 [Message] :   RSV[WCZTT0B1R7A62X<0D>]
2015/09/11 12:33:40 [Method] : LSIMG
2015/09/11 12:33:40 [Message] :   CMD[LSIMG<0D>]
2015/09/11 12:33:40 [Message] :   RES[OK,LSIMG,A:\IMAGE\012_S_01.JPG<0D>]
2015/09/11 12:34:01 [Method] : GetFile
2015/09/11 12:34:01 [Exception] : FileAccessException
2015/09/11 12:40:45 [Method] : Connect
2015/09/11 12:40:45 [Method] : StartLiveView
2015/09/11 12:40:51 [Event] : DataReceived
2015/09/11 12:40:51 [Message] :   RSV[WCZTT0B1R7A62X<0D>]
2015/09/11 12:41:21 [Method] : LSIMG
2015/09/11 12:41:21 [Message] :   CMD[LSIMG<0D>]
2015/09/11 12:41:21 [Message] :   RES[OK,LSIMG,A:\IMAGE\013_S_01.JPG<0D>]
2015/09/11 12:41:33 [Method] : GetFile
2015/09/11 12:47:19 [Method] : Connect
2015/09/11 12:47:19 [Method] : StartLiveView
2015/09/11 12:47:23 [Event] : DataReceived
2015/09/11 12:47:23 [Message] :   RSV[WCZTT0B1R7A62X<0D>]
2015/09/11 12:47:47 [Method] : LSIMG
2015/09/11 12:47:47 [Message] :   CMD[LSIMG<0D>]
2015/09/11 12:47:47 [Message] :   RES[OK,LSIMG,A:\IMAGE\014_S_01.JPG<0D>]
2015/09/11 12:47:54 [Method] : GetFile
2015/09/11 12:53:03 [Method] : Connect
2015/09/11 12:53:03 [Method] : StartLiveView
2015/09/11 12:57:37 [Event] : DataReceived
2015/09/11 12:57:37 [Message] :   RSV[WCZTT0B1R7A62X<0D>]
2015/09/11 12:58:28 [Method] : LSIMG
2015/09/11 12:58:28 [Message] :   CMD[LSIMG<0D>]
2015/09/11 12:58:28 [Message] :   RES[OK,LSIMG,A:\IMAGE\015_S_01.JPG<0D>]
2015/09/11 12:58:50 [Method] : GetFile
2015/09/11 12:58:50 [Exception] : FileAccessException
2015/09/11 13:01:19 [Method] : Connect
2015/09/11 13:01:19 [Method] : StartLiveView
2015/09/11 13:01:33 [Event] : DataReceived
2015/09/11 13:01:33 [Message] :   RSV[WCZTT0B1R7A62X<0D>]
2015/09/11 13:01:56 [Method] : LSIMG
2015/09/11 13:01:56 [Message] :   CMD[LSIMG<0D>]
2015/09/11 13:01:56 [Message] :   RES[OK,LSIMG,A:\IMAGE\016_S_01.JPG<0D>]
2015/09/11 13:02:11 [Method] : GetFile
2015/09/11 13:04:37 [Method] : Connect
2015/09/11 13:04:37 [Method] : StartLiveView
2015/09/11 13:04:43 [Event] : DataReceived
2015/09/11 13:04:43 [Message] :   RSV[WCZTT0B1R7A62X<0D>]
2015/09/11 13:05:08 [Method] : LSIMG
2015/09/11 13:05:08 [Message] :   CMD[LSIMG<0D>]
2015/09/11 13:05:09 [Message] :   RES[OK,LSIMG,A:\IMAGE\017_S_01.JPG<0D>]
2015/09/11 13:06:01 [Method] : Connect
2015/09/11 13:06:01 [Method] : StartLiveView
2015/09/11 13:06:13 [Event] : DataReceived
2015/09/11 13:06:13 [Message] :   RSV[WCZTT0B1R7A62X<0D>]
2015/09/11 13:06:34 [Method] : LSIMG
2015/09/11 13:06:34 [Message] :   CMD[LSIMG<0D>]
2015/09/11 13:06:34 [Message] :   RES[OK,LSIMG,A:\IMAGE\018_S_01.JPG<0D>]
2015/09/11 13:06:42 [Method] : GetFile
2015/09/11 13:11:05 [Method] : Connect
2015/09/11 13:11:05 [Method] : StartLiveView
2015/09/11 13:11:15 [Event] : DataReceived
2015/09/11 13:11:15 [Message] :   RSV[WCZTT0B1R7A62X<0D>]
2015/09/11 13:11:29 [Method] : LSIMG
2015/09/11 13:11:29 [Message] :   CMD[LSIMG<0D>]
2015/09/11 13:11:29 [Message] :   RES[OK,LSIMG,A:\IMAGE\019_S_01.JPG<0D>]
2015/09/11 13:11:29 [Method] : GetFile
2015/09/11 13:11:42 [Event] : DataReceived
2015/09/11 13:11:42 [Message] :   RSV[WCZTT0B1R7A62X<0D>]
2015/09/11 13:11:42 [Method] : LSIMG
2015/09/11 13:11:42 [Message] :   CMD[LSIMG<0D>]
2015/09/11 13:11:42 [Message] :   RES[OK,LSIMG,A:\IMAGE\020_S_01.JPG<0D>]
2015/09/11 13:11:42 [Method] : GetFile
2015/09/11 13:13:20 [Event] : DataReceived
2015/09/11 13:13:20 [Message] :   RSV[WCZTT0B1R7A62X<0D>]
2015/09/11 13:13:20 [Method] : LSIMG
2015/09/11 13:13:20 [Message] :   CMD[LSIMG<0D>]
2015/09/11 13:13:20 [Message] :   RES[OK,LSIMG,A:\IMAGE\020_S_01.JPG<0D>]
2015/09/11 13:13:20 [Method] : GetFile
2015/09/11 13:13:20 [Exception] : FileAccessException
2015/09/11 13:14:49 [Event] : DataReceived
2015/09/11 13:14:49 [Message] :   RSV[WCZTT0B1R7A62X<0D>]
2015/09/11 13:14:49 [Method] : LSIMG
2015/09/11 13:14:49 [Message] :   CMD[LSIMG<0D>]
2015/09/11 13:14:49 [Message] :   RES[OK,LSIMG,A:\IMAGE\021_S_01.JPG<0D>]
2015/09/11 13:14:49 [Method] : GetFile
2015/09/11 13:14:49 [Exception] : FileAccessException
2015/09/11 13:18:53 [Method] : StopLiveView
2015/09/11 13:18:53 [Method] : Disconnect
2015/09/11 13:24:45 [Method] : Connect
2015/09/11 13:24:45 [Method] : StartLiveView
2015/09/11 13:24:58 [Event] : DataReceived
2015/09/11 13:24:58 [Message] :   RSV[WCZTT0B1R7A62X<0D>]
2015/09/11 13:24:58 [Method] : LSIMG
2015/09/11 13:24:58 [Message] :   CMD[LSIMG<0D>]
2015/09/11 13:24:58 [Message] :   RES[OK,LSIMG,A:\IMAGE\023_S_01.JPG<0D>]
2015/09/11 13:24:58 [Method] : GetFile
2015/09/12 02:30:44 [Method] : Connect
2015/09/12 02:30:46 [Exception] : CommunicationException
2015/09/12 02:32:51 [Method] : Connect
2015/09/12 02:32:52 [Exception] : CommunicationException
2015/09/12 02:32:52 [Method] : Connect
2015/09/12 02:32:53 [Exception] : CommunicationException
2015/09/12 02:32:58 [Method] : Connect
2015/09/12 02:32:59 [Exception] : CommunicationException
2015/09/12 03:19:15 [Method] : StopLiveView
2015/09/12 03:19:15 [Method] : Disconnect
2015/09/12 03:31:22 [Method] : StopLiveView
2015/09/12 03:31:22 [Method] : Disconnect
2015/09/12 03:31:26 [Method] : StopLiveView
2015/09/12 03:31:26 [Method] : Disconnect
2015/09/11 16:31:31 [Method] : Connect
2015/09/11 16:31:31 [Method] : StartLiveView
2015/09/11 16:31:51 [Event] : DataReceived
2015/09/11 16:31:51 [Message] :   RSV[WCZTT0B1R7A62X<0D>]
2015/09/11 16:31:51 [Method] : LSIMG
2015/09/11 16:31:51 [Message] :   CMD[LSIMG<0D>]
2015/09/11 16:31:51 [Message] :   RES[OK,LSIMG,A:\IMAGE\000_S_01.JPG<0D>]
2015/09/11 16:31:51 [Method] : GetFile
2015/09/11 16:35:26 [Method] : Connect
2015/09/11 16:35:26 [Method] : StartLiveView
2015/09/11 16:35:38 [Event] : DataReceived
2015/09/11 16:35:38 [Message] :   RSV[WCZTT0B1R7A62X<0D>]
2015/09/11 16:35:38 [Method] : LSIMG
2015/09/11 16:35:38 [Message] :   CMD[LSIMG<0D>]
2015/09/11 16:35:38 [Message] :   RES[OK,LSIMG,A:\IMAGE\001_S_01.JPG<0D>]
2015/09/11 16:35:38 [Method] : GetFile
2015/09/11 16:35:48 [Event] : DataReceived
2015/09/11 16:35:48 [Message] :   RSV[WCZTT0B1R7A62X<0D>]
2015/09/11 16:35:48 [Method] : LSIMG
2015/09/11 16:35:48 [Message] :   CMD[LSIMG<0D>]
2015/09/11 16:35:48 [Message] :   RES[OK,LSIMG,A:\IMAGE\001_S_01.JPG<0D>]
2015/09/11 16:35:48 [Method] : GetFile
2015/09/11 16:38:28 [Event] : DataReceived
2015/09/11 16:38:28 [Message] :   RSV[WCZTT0B1R7A62X<0D>]
2015/09/11 16:38:28 [Method] : LSIMG
2015/09/11 16:38:28 [Message] :   CMD[LSIMG<0D>]
2015/09/11 16:38:28 [Message] :   RES[OK,LSIMG,A:\IMAGE\002_S_01.JPG<0D>]
2015/09/11 16:38:28 [Method] : GetFile
2015/09/11 16:38:28 [Exception] : FileAccessException
2015/09/11 16:43:27 [Event] : DataReceived
2015/09/11 16:43:27 [Message] :   RSV[WCZTT0B1R7A62X<0D>]
2015/09/11 16:43:27 [Method] : LSIMG
2015/09/11 16:43:27 [Message] :   CMD[LSIMG<0D>]
2015/09/11 16:43:27 [Message] :   RES[OK,LSIMG,A:\IMAGE\004_S_01.JPG<0D>]
2015/09/11 16:43:27 [Method] : GetFile
2015/09/11 16:43:27 [Exception] : FileAccessException
2015/09/11 16:44:04 [Event] : DataReceived
2015/09/11 16:44:04 [Message] :   RSV[WCZTT0B1R7A62X<0D>]
2015/09/11 16:44:04 [Method] : LSIMG
2015/09/11 16:44:04 [Message] :   CMD[LSIMG<0D>]
2015/09/11 16:44:04 [Message] :   RES[OK,LSIMG,A:\IMAGE\005_S_01.JPG<0D>]
2015/09/11 16:44:04 [Method] : GetFile
2015/09/11 16:44:04 [Exception] : FileAccessException
2015/09/11 16:46:11 [Method] : Connect
2015/09/11 16:46:11 [Method] : StartLiveView
2015/09/11 16:46:18 [Event] : DataReceived
2015/09/11 16:46:18 [Message] :   RSV[WCZTT0B1R7A62X<0D>]
2015/09/11 16:46:18 [Method] : LSIMG
2015/09/11 16:46:18 [Message] :   CMD[LSIMG<0D>]
2015/09/11 16:46:18 [Message] :   RES[OK,LSIMG,A:\IMAGE\006_S_01.JPG<0D>]
2015/09/11 16:46:18 [Method] : GetFile
2015/09/11 16:46:36 [Method] : StopLiveView
2015/09/11 16:46:36 [Method] : Disconnect
2015/09/11 16:47:38 [Method] : Connect
2015/09/11 16:47:38 [Method] : StartLiveView
2015/09/11 16:47:46 [Event] : DataReceived
2015/09/11 16:47:46 [Message] :   RSV[WCZTT0B1R7A62X<0D>]
2015/09/11 16:47:46 [Method] : LSIMG
2015/09/11 16:47:46 [Message] :   CMD[LSIMG<0D>]
2015/09/11 16:47:46 [Message] :   RES[OK,LSIMG,A:\IMAGE\007_S_01.JPG<0D>]
2015/09/11 16:47:46 [Method] : GetFile
2015/09/11 16:47:56 [Event] : DataReceived
2015/09/11 16:47:56 [Message] :   RSV[WCZTT0B1R7A62X<0D>]
2015/09/11 16:47:56 [Method] : LSIMG
2015/09/11 16:47:56 [Message] :   CMD[LSIMG<0D>]
2015/09/11 16:47:56 [Message] :   RES[OK,LSIMG,A:\IMAGE\007_S_01.JPG<0D>]
2015/09/11 16:47:56 [Method] : GetFile
2015/09/11 16:48:01 [Event] : DataReceived
2015/09/11 16:48:01 [Message] :   RSV[WCZTT0B1R7A62X<0D>]
2015/09/11 16:48:01 [Method] : LSIMG
2015/09/11 16:48:01 [Message] :   CMD[LSIMG<0D>]
2015/09/11 16:48:01 [Message] :   RES[OK,LSIMG,A:\IMAGE\008_S_01.JPG<0D>]
2015/09/11 16:48:01 [Method] : GetFile
2015/09/11 16:48:16 [Event] : DataReceived
2015/09/11 16:48:16 [Message] :   RSV[ERROR<0D>]
2015/09/11 16:48:23 [Event] : DataReceived
2015/09/11 16:48:23 [Message] :   RSV[WCZTT0B1R7A62X<0D>]
2015/09/11 16:48:23 [Method] : LSIMG
2015/09/11 16:48:23 [Message] :   CMD[LSIMG<0D>]
2015/09/11 16:48:23 [Message] :   RES[OK,LSIMG,A:\IMAGE\011_S_01.JPG<0D>]
2015/09/11 16:48:23 [Method] : GetFile
2015/09/11 16:48:58 [Event] : DataReceived
2015/09/11 16:48:58 [Message] :   RSV[WCZTT0B1R7A62X<0D>]
2015/09/11 16:48:58 [Method] : LSIMG
2015/09/11 16:48:58 [Message] :   CMD[LSIMG<0D>]
2015/09/11 16:48:58 [Message] :   RES[OK,LSIMG,A:\IMAGE\012_S_01.JPG<0D>]
2015/09/11 16:48:58 [Method] : GetFile
2015/09/11 16:49:10 [Event] : DataReceived
2015/09/11 16:49:10 [Message] :   RSV[WCZTT0B1R7A62X<0D>]
2015/09/11 16:49:10 [Method] : LSIMG
2015/09/11 16:49:10 [Message] :   CMD[LSIMG<0D>]
2015/09/11 16:49:10 [Message] :   RES[OK,LSIMG,A:\IMAGE\012_S_01.JPG<0D>]
2015/09/11 16:49:10 [Method] : GetFile
2015/09/11 16:49:16 [Event] : DataReceived
2015/09/11 16:49:16 [Message] :   RSV[WCZTT0B1R7A62X<0D>]
2015/09/11 16:49:16 [Method] : LSIMG
2015/09/11 16:49:16 [Message] :   CMD[LSIMG<0D>]
2015/09/11 16:49:16 [Message] :   RES[OK,LSIMG,A:\IMAGE\014_S_01.JPG<0D>]
2015/09/11 16:49:16 [Method] : GetFile
2015/09/11 16:49:21 [Event] : DataReceived
2015/09/11 16:49:21 [Message] :   RSV[WCZTT0B1R7A62X<0D>]
2015/09/11 16:49:21 [Method] : LSIMG
2015/09/11 16:49:21 [Message] :   CMD[LSIMG<0D>]
2015/09/11 16:49:21 [Message] :   RES[OK,LSIMG,A:\IMAGE\015_S_01.JPG<0D>]
2015/09/11 16:49:21 [Method] : GetFile
